-------------------------------------------------------------------------------
Test set: MachineInterpreterTest
-------------------------------------------------------------------------------
Tests run: 19, Failures: 14, Errors: 0, Skipped: 0, Time elapsed: 0.049 s <<< FAILURE! - in MachineInterpreterTest
MachineInterpreterTest.transitionIfVariableEqual  Time elapsed: 0.002 s  <<< FAILURE!
org.opentest4j.AssertionFailedError: expected: <state 3> but was: <state 1>
	at MachineInterpreterTest.transitionIfVariableEqual(MachineInterpreterTest.java:104)

MachineInterpreterTest.transitionIfVariableEqualsAndSet  Time elapsed: 0.001 s  <<< FAILURE!
org.opentest4j.AssertionFailedError: expected: <42> but was: <0>
	at MachineInterpreterTest.transitionIfVariableEqualsAndSet(MachineInterpreterTest.java:163)

MachineInterpreterTest.transitionSetVariable  Time elapsed: 0.001 s  <<< FAILURE!
org.opentest4j.AssertionFailedError: expected: <42> but was: <0>
	at MachineInterpreterTest.transitionSetVariable(MachineInterpreterTest.java:76)

MachineInterpreterTest.transitionIfVariableNotLessThan  Time elapsed: 0.002 s  <<< FAILURE!
org.opentest4j.AssertionFailedError: expected: <state 2> but was: <state 1>
	at MachineInterpreterTest.transitionIfVariableNotLessThan(MachineInterpreterTest.java:154)

MachineInterpreterTest.transitionDecrementVariable  Time elapsed: 0.001 s  <<< FAILURE!
org.opentest4j.AssertionFailedError: expected: <-1> but was: <0>
	at MachineInterpreterTest.transitionDecrementVariable(MachineInterpreterTest.java:94)

MachineInterpreterTest.listOfEvents  Time elapsed: 0.001 s  <<< FAILURE!
org.opentest4j.AssertionFailedError: expected: <state 3> but was: <state 1>
	at MachineInterpreterTest.listOfEvents(MachineInterpreterTest.java:51)

MachineInterpreterTest.transitionIfVariableGreaterAndIncrement  Time elapsed: 0.001 s  <<< FAILURE!
org.opentest4j.AssertionFailedError: expected: <1> but was: <0>
	at MachineInterpreterTest.transitionIfVariableGreaterAndIncrement(MachineInterpreterTest.java:172)

MachineInterpreterTest.transitionIfVariableNotEqual  Time elapsed: 0.001 s  <<< FAILURE!
org.opentest4j.AssertionFailedError: expected: <state 2> but was: <state 1>
	at MachineInterpreterTest.transitionIfVariableNotEqual(MachineInterpreterTest.java:114)

MachineInterpreterTest.transitionIfVariableNotGreaterThan  Time elapsed: 0.001 s  <<< FAILURE!
org.opentest4j.AssertionFailedError: expected: <state 2> but was: <state 1>
	at MachineInterpreterTest.transitionIfVariableNotGreaterThan(MachineInterpreterTest.java:134)

MachineInterpreterTest.transitionIfVariableLessAndDecrement  Time elapsed: 0.001 s  <<< FAILURE!
org.opentest4j.AssertionFailedError: expected: <-1> but was: <0>
	at MachineInterpreterTest.transitionIfVariableLessAndDecrement(MachineInterpreterTest.java:181)

MachineInterpreterTest.transitionIfVariableLessThan  Time elapsed: 0.002 s  <<< FAILURE!
org.opentest4j.AssertionFailedError: expected: <state 3> but was: <state 1>
	at MachineInterpreterTest.transitionIfVariableLessThan(MachineInterpreterTest.java:144)

MachineInterpreterTest.transitionIncrementVariable  Time elapsed: 0.001 s  <<< FAILURE!
org.opentest4j.AssertionFailedError: expected: <1> but was: <0>
	at MachineInterpreterTest.transitionIncrementVariable(MachineInterpreterTest.java:85)

MachineInterpreterTest.transitionIfVariableGreaterThan  Time elapsed: 0.001 s  <<< FAILURE!
org.opentest4j.AssertionFailedError: expected: <state 3> but was: <state 1>
	at MachineInterpreterTest.transitionIfVariableGreaterThan(MachineInterpreterTest.java:124)

MachineInterpreterTest.eventTransition  Time elapsed: 0.001 s  <<< FAILURE!
org.opentest4j.AssertionFailedError: expected: <state 2> but was: <state 1>
	at MachineInterpreterTest.eventTransition(MachineInterpreterTest.java:41)

